Using pre-set license
Built from '2021.3/staging' branch; Version is '2021.3.16f1 (4016570cf34f) revision 4200023'; Using compiler version '192829333'; Build Type 'Release'
OS: 'Windows 11  (10.0.22000) 64bit CoreSingleLanguage' Language: 'ru' Physical Memory: 7530 MB
BatchMode: 1, IsHumanControllingUs: 0, StartBugReporterOnCrash: 0, Is64bit: 1, IsPro: 1

COMMAND LINE ARGUMENTS:
C:\Program Files\Unity\Hub\Editor\2021.3.16f1\Editor\Unity.exe
-adb2
-batchMode
-noUpm
-name
AssetImportWorker2
-projectPath
C:/Users/mikha/Projects/Unior
-logFile
Logs/AssetImportWorker2.log
-srvPort
4669
Successfully changed project path to: C:/Users/mikha/Projects/Unior
C:/Users/mikha/Projects/Unior
[UnityMemory] Configuration Parameters - Can be set up in boot.config
    "memorysetup-bucket-allocator-granularity=16"
    "memorysetup-bucket-allocator-bucket-count=8"
    "memorysetup-bucket-allocator-block-size=33554432"
    "memorysetup-bucket-allocator-block-count=8"
    "memorysetup-main-allocator-block-size=16777216"
    "memorysetup-thread-allocator-block-size=16777216"
    "memorysetup-gfx-main-allocator-block-size=16777216"
    "memorysetup-gfx-thread-allocator-block-size=16777216"
    "memorysetup-cache-allocator-block-size=4194304"
    "memorysetup-typetree-allocator-block-size=2097152"
    "memorysetup-profiler-bucket-allocator-granularity=16"
    "memorysetup-profiler-bucket-allocator-bucket-count=8"
    "memorysetup-profiler-bucket-allocator-block-size=33554432"
    "memorysetup-profiler-bucket-allocator-block-count=8"
    "memorysetup-profiler-allocator-block-size=16777216"
    "memorysetup-profiler-editor-allocator-block-size=1048576"
    "memorysetup-temp-allocator-size-main=16777216"
    "memorysetup-job-temp-allocator-block-size=2097152"
    "memorysetup-job-temp-allocator-block-size-background=1048576"
    "memorysetup-job-temp-allocator-reduction-small-platforms=262144"
    "memorysetup-temp-allocator-size-background-worker=32768"
    "memorysetup-temp-allocator-size-job-worker=262144"
    "memorysetup-temp-allocator-size-preload-manager=33554432"
    "memorysetup-temp-allocator-size-nav-mesh-worker=65536"
    "memorysetup-temp-allocator-size-audio-worker=65536"
    "memorysetup-temp-allocator-size-cloud-worker=32768"
    "memorysetup-temp-allocator-size-gi-baking-worker=262144"
    "memorysetup-temp-allocator-size-gfx=262144"
Player connection [7884] Host "[IP] 192.168.1.21 [Port] 0 [Flags] 2 [Guid] 1383822262 [EditorId] 1383822262 [Version] 1048832 [Id] WindowsEditor(7,LAPTOP-9BJRB3BE) [Debug] 1 [PackageName] WindowsEditor [ProjectName] Editor" joined multi-casting on [225.0.0.222:54997]...

Player connection [7884] Host "[IP] 192.168.1.21 [Port] 0 [Flags] 2 [Guid] 1383822262 [EditorId] 1383822262 [Version] 1048832 [Id] WindowsEditor(7,LAPTOP-9BJRB3BE) [Debug] 1 [PackageName] WindowsEditor [ProjectName] Editor" joined alternative multi-casting on [225.0.0.222:34997]...

Refreshing native plugins compatible for Editor in 167.01 ms, found 4 plugins.
Preloading 0 native plugins for Editor in 0.00 ms.
Initialize engine version: 2021.3.16f1 (4016570cf34f)
[Subsystems] Discovering subsystems at path C:/Program Files/Unity/Hub/Editor/2021.3.16f1/Editor/Data/Resources/UnitySubsystems
[Subsystems] Discovering subsystems at path C:/Users/mikha/Projects/Unior/Assets
GfxDevice: creating device client; threaded=0; jobified=0
Direct3D:
    Version:  Direct3D 11.0 [level 11.1]
    Renderer: AMD Radeon(TM) Graphics (ID=0x164c)
    Vendor:   ATI
    VRAM:     3765 MB
    Driver:   27.20.14032.15001
Initialize mono
Mono path[0] = 'C:/Program Files/Unity/Hub/Editor/2021.3.16f1/Editor/Data/Managed'
Mono path[1] = 'C:/Program Files/Unity/Hub/Editor/2021.3.16f1/Editor/Data/MonoBleedingEdge/lib/mono/unityjit-win32'
Mono config path = 'C:/Program Files/Unity/Hub/Editor/2021.3.16f1/Editor/Data/MonoBleedingEdge/etc'
Using monoOptions --debugger-agent=transport=dt_socket,embedding=1,server=y,suspend=n,address=127.0.0.1:56392
Begin MonoManager ReloadAssembly
Registering precompiled unity dll's ...
Register platform support module: C:/Program Files/Unity/Hub/Editor/2021.3.16f1/Editor/Data/PlaybackEngines/AndroidPlayer/UnityEditor.Android.Extensions.dll
Register platform support module: C:/Program Files/Unity/Hub/Editor/2021.3.16f1/Editor/Data/PlaybackEngines/WindowsStandaloneSupport/UnityEditor.WindowsStandalone.Extensions.dll
Registered in 0.004821 seconds.
Native extension for WindowsStandalone target not found
Native extension for Android target not found
Refreshing native plugins compatible for Editor in 117.81 ms, found 4 plugins.
Preloading 0 native plugins for Editor in 0.00 ms.
Mono: successfully reloaded assembly
- Completed reload, in  0.793 seconds
Domain Reload Profiling:
	ReloadAssembly (794ms)
		BeginReloadAssembly (88ms)
			ExecutionOrderSort (0ms)
			DisableScriptedObjects (0ms)
			BackupInstance (0ms)
			ReleaseScriptingObjects (0ms)
			CreateAndSetChildDomain (1ms)
		EndReloadAssembly (560ms)
			LoadAssemblies (86ms)
			RebuildTransferFunctionScriptingTraits (0ms)
			SetupTypeCache (130ms)
			ReleaseScriptCaches (0ms)
			RebuildScriptCaches (35ms)
			SetupLoadedEditorAssemblies (335ms)
				LogAssemblyErrors (0ms)
				InitializePlatformSupportModulesInManaged (58ms)
				SetLoadedEditorAssemblies (0ms)
				RefreshPlugins (118ms)
				BeforeProcessingInitializeOnLoad (1ms)
				ProcessInitializeOnLoadAttributes (106ms)
				ProcessInitializeOnLoadMethodAttributes (51ms)
				AfterProcessingInitializeOnLoad (0ms)
				EditorAssembliesLoaded (0ms)
			ExecutionOrderSort2 (0ms)
			AwakeInstancesAfterBackupRestoration (0ms)
Platform modules already initialized, skipping
Registering precompiled user dll's ...
Registered in 0.012445 seconds.
Android Extension - Scanning For ADB Devices 4828 ms
Begin MonoManager ReloadAssembly
Symbol file LoadedFromMemory doesn't match image C:\Users\mikha\Projects\Unior\Library\PackageCache\com.unity.visualscripting@1.7.8\Editor\VisualScripting.Core\Dependencies\DotNetZip\Unity.VisualScripting.IonicZip.dll
Symbol file LoadedFromMemory doesn't match image C:\Users\mikha\Projects\Unior\Library\PackageCache\com.unity.visualscripting@1.7.8\Editor\VisualScripting.Core\Dependencies\YamlDotNet\Unity.VisualScripting.YamlDotNet.dll
Native extension for WindowsStandalone target not found
Native extension for Android target not found
Refreshing native plugins compatible for Editor in 159.09 ms, found 4 plugins.
Preloading 0 native plugins for Editor in 0.00 ms.
[ScriptCompilation] NOT recompiling all scripts because this is an import worker process. Reason to compile was: Define symbols changed
Mono: successfully reloaded assembly
Package Manager log level set to [2]
- Completed reload, in  1.466 seconds
Domain Reload Profiling:
	ReloadAssembly (1467ms)
		BeginReloadAssembly (123ms)
			ExecutionOrderSort (0ms)
			DisableScriptedObjects (6ms)
			BackupInstance (0ms)
			ReleaseScriptingObjects (0ms)
			CreateAndSetChildDomain (26ms)
		EndReloadAssembly (1224ms)
			LoadAssemblies (122ms)
			RebuildTransferFunctionScriptingTraits (0ms)
			SetupTypeCache (297ms)
			ReleaseScriptCaches (1ms)
			RebuildScriptCaches (77ms)
			SetupLoadedEditorAssemblies (662ms)
				LogAssemblyErrors (0ms)
				InitializePlatformSupportModulesInManaged (15ms)
				SetLoadedEditorAssemblies (0ms)
				RefreshPlugins (159ms)
				BeforeProcessingInitializeOnLoad (118ms)
				ProcessInitializeOnLoadAttributes (301ms)
				ProcessInitializeOnLoadMethodAttributes (64ms)
				AfterProcessingInitializeOnLoad (5ms)
				EditorAssembliesLoaded (0ms)
			ExecutionOrderSort2 (0ms)
			AwakeInstancesAfterBackupRestoration (8ms)
Platform modules already initialized, skipping
========================================================================
Worker process is ready to serve import requests
Launched and connected shader compiler UnityShaderCompiler.exe after 0.09 seconds
Refreshing native plugins compatible for Editor in 1.35 ms, found 4 plugins.
Preloading 0 native plugins for Editor in 0.00 ms.
Unloading 4480 Unused Serialized files (Serialized files now loaded: 0)
Unloading 68 unused Assets / (1.3 MB). Loaded Objects now: 4922.
Memory consumption went from 179.8 MB to 178.5 MB.
Total: 7.992900 ms (FindLiveObjects: 0.557600 ms CreateObjectMapping: 0.253000 ms MarkObjects: 6.187800 ms  DeleteObjects: 0.992900 ms)

AssetImportParameters requested are different than current active one (requested -> active):
  custom:video-decoder-ogg-theora: a1e56fd34408186e4bbccfd4996cb3dc -> 
  custom:container-muxer-webm: aa71ff27fc2769a1b78a27578f13a17b -> 
  custom:container-demuxer-webm: 4f35f7cbe854078d1ac9338744f61a02 -> 
  custom:video-encoder-webm-vp8: eb34c28f22e8b96e1ab97ce403110664 -> 
  custom:audio-encoder-webm-vorbis: bf7c407c2cedff20999df2af8eb42d56 -> 
  custom:framework-win-MediaFoundation: 216162199b28c13a410421893ffa2e32 -> 
  custom:container-demuxer-ogg: 62fdf1f143b41e24485cea50d1cbac27 -> 
  custom:video-decoder-webm-vp8: 9c59270c3fd7afecdb556c50c9e8de78 -> 
  custom:audio-decoder-ogg-vorbis: bf7c407c2cedff20999df2af8eb42d56 -> 
========================================================================
Received Import Request.
  Time since last request: 449340.820343 seconds.
  path: Assets/Prefabs/MachineHead.prefab
  artifactKey: Guid(5696d06a4d6151a48815c167f0ef7f4c) Importer(815301076,1909f56bfc062723c751e8b465ee728b)
Start importing Assets/Prefabs/MachineHead.prefab using Guid(5696d06a4d6151a48815c167f0ef7f4c) Importer(815301076,1909f56bfc062723c751e8b465ee728b)  -> (artifact id: '66dd45be6e333f936df24d8388be296b') in 0.204934 seconds 
========================================================================
Received Import Request.
  Time since last request: 0.000034 seconds.
  path: Assets/Prefabs/Cell.prefab
  artifactKey: Guid(a139319b2e3a05a4caaded62ea81b025) Importer(815301076,1909f56bfc062723c751e8b465ee728b)
Start importing Assets/Prefabs/Cell.prefab using Guid(a139319b2e3a05a4caaded62ea81b025) Importer(815301076,1909f56bfc062723c751e8b465ee728b)  -> (artifact id: '580d833bcbd65d1325a0a86e81322e70') in 0.024185 seconds 
========================================================================
Received Import Request.
  Time since last request: 8.564650 seconds.
  path: Assets/PostProcessing
  artifactKey: Guid(b169c5e739686724b9f691c84584373c) Importer(815301076,1909f56bfc062723c751e8b465ee728b)
Start importing Assets/PostProcessing using Guid(b169c5e739686724b9f691c84584373c) Importer(815301076,1909f56bfc062723c751e8b465ee728b)  -> (artifact id: 'faa121cacff076aaa5061459d3ea77d2') in 0.008777 seconds 
========================================================================
Received Import Request.
  Time since last request: 25.570873 seconds.
  path: Assets/PostProcessing/Post-processingProfile.asset
  artifactKey: Guid(a5dfe3d3aeab4244f850d4f1dfa93e1b) Importer(815301076,1909f56bfc062723c751e8b465ee728b)
Start importing Assets/PostProcessing/Post-processingProfile.asset using Guid(a5dfe3d3aeab4244f850d4f1dfa93e1b) Importer(815301076,1909f56bfc062723c751e8b465ee728b)  -> (artifact id: 'bac52306d56a06b9f69555434cd31dac') in 0.012485 seconds 
========================================================================
Received Import Request.
  Time since last request: 61.148956 seconds.
  path: ProjectSettings/TagManager.asset
  artifactKey: Guid(00000000000000003000000000000000) Importer(815301076,1909f56bfc062723c751e8b465ee728b)
Start importing ProjectSettings/TagManager.asset using Guid(00000000000000003000000000000000) Importer(815301076,1909f56bfc062723c751e8b465ee728b)  -> (artifact id: '49103ddb131dee35ba8759c97ba2dd04') in 0.007861 seconds 
========================================================================
Received Import Request.
  Time since last request: 105.098988 seconds.
  path: Assets/PostProcessing/Post-processingProfile.asset
  artifactKey: Guid(a5dfe3d3aeab4244f850d4f1dfa93e1b) Importer(815301076,1909f56bfc062723c751e8b465ee728b)
Start importing Assets/PostProcessing/Post-processingProfile.asset using Guid(a5dfe3d3aeab4244f850d4f1dfa93e1b) Importer(815301076,1909f56bfc062723c751e8b465ee728b)  -> (artifact id: '35c1c8e841cf0176f8be13bd74ad1681') in 0.013638 seconds 
========================================================================
Received Import Request.
  Time since last request: 2.418142 seconds.
  path: Assets/PostProcessing/Post-processingProfile.asset
  artifactKey: Guid(a5dfe3d3aeab4244f850d4f1dfa93e1b) Importer(815301076,1909f56bfc062723c751e8b465ee728b)
Start importing Assets/PostProcessing/Post-processingProfile.asset using Guid(a5dfe3d3aeab4244f850d4f1dfa93e1b) Importer(815301076,1909f56bfc062723c751e8b465ee728b)  -> (artifact id: 'efb484ab3df2568452d803eb5f13d56c') in 0.004823 seconds 
========================================================================
Received Import Request.
  Time since last request: 23.596548 seconds.
  path: Assets/PostProcessing/Post-processingProfile.asset
  artifactKey: Guid(a5dfe3d3aeab4244f850d4f1dfa93e1b) Importer(815301076,1909f56bfc062723c751e8b465ee728b)
Start importing Assets/PostProcessing/Post-processingProfile.asset using Guid(a5dfe3d3aeab4244f850d4f1dfa93e1b) Importer(815301076,1909f56bfc062723c751e8b465ee728b)  -> (artifact id: '84984a997e6d5507f4322f529c76e6e0') in 0.012381 seconds 
========================================================================
Received Import Request.
  Time since last request: 137.680772 seconds.
  path: Assets/PostProcessing/Imission.mat
  artifactKey: Guid(2fa76b918bb3baf499fcc009d3e0f067) Importer(815301076,1909f56bfc062723c751e8b465ee728b)
Start importing Assets/PostProcessing/Imission.mat using Guid(2fa76b918bb3baf499fcc009d3e0f067) Importer(815301076,1909f56bfc062723c751e8b465ee728b)  -> (artifact id: '9b388bb955358b260403473ce7487d21') in 0.054492 seconds 
========================================================================
Received Import Request.
  Time since last request: 37.434491 seconds.
  path: Assets/PostProcessing/Imission.mat
  artifactKey: Guid(2fa76b918bb3baf499fcc009d3e0f067) Importer(815301076,1909f56bfc062723c751e8b465ee728b)
Start importing Assets/PostProcessing/Imission.mat using Guid(2fa76b918bb3baf499fcc009d3e0f067) Importer(815301076,1909f56bfc062723c751e8b465ee728b)  -> (artifact id: 'fb5c0e9a698e2d6e832268936390c497') in 0.021282 seconds 
========================================================================
Received Import Request.
  Time since last request: 183.262948 seconds.
  path: Assets/PostProcessing/Post-processingProfile.asset
  artifactKey: Guid(a5dfe3d3aeab4244f850d4f1dfa93e1b) Importer(815301076,1909f56bfc062723c751e8b465ee728b)
Start importing Assets/PostProcessing/Post-processingProfile.asset using Guid(a5dfe3d3aeab4244f850d4f1dfa93e1b) Importer(815301076,1909f56bfc062723c751e8b465ee728b)  -> (artifact id: '213ca8cb871efa18f203e21c76d50908') in 0.004516 seconds 
========================================================================
Received Import Request.
  Time since last request: 22.218341 seconds.
  path: Assets/PostProcessing/Post-processingProfile.asset
  artifactKey: Guid(a5dfe3d3aeab4244f850d4f1dfa93e1b) Importer(815301076,1909f56bfc062723c751e8b465ee728b)
Start importing Assets/PostProcessing/Post-processingProfile.asset using Guid(a5dfe3d3aeab4244f850d4f1dfa93e1b) Importer(815301076,1909f56bfc062723c751e8b465ee728b)  -> (artifact id: '30da56fbb6350176804471753ae6bd4f') in 0.003847 seconds 
========================================================================
Received Import Request.
  Time since last request: 2.608944 seconds.
  path: Assets/PostProcessing/Post-processingProfile.asset
  artifactKey: Guid(a5dfe3d3aeab4244f850d4f1dfa93e1b) Importer(815301076,1909f56bfc062723c751e8b465ee728b)
Start importing Assets/PostProcessing/Post-processingProfile.asset using Guid(a5dfe3d3aeab4244f850d4f1dfa93e1b) Importer(815301076,1909f56bfc062723c751e8b465ee728b)  -> (artifact id: '6ec18f5ba81942f23959e9f249bd130d') in 0.004590 seconds 
========================================================================
Received Import Request.
  Time since last request: 37.343078 seconds.
  path: Assets/PostProcessing/Post-processingProfile.asset
  artifactKey: Guid(a5dfe3d3aeab4244f850d4f1dfa93e1b) Importer(815301076,1909f56bfc062723c751e8b465ee728b)
Start importing Assets/PostProcessing/Post-processingProfile.asset using Guid(a5dfe3d3aeab4244f850d4f1dfa93e1b) Importer(815301076,1909f56bfc062723c751e8b465ee728b)  -> (artifact id: '58b1fb11e8775a2a506df1443c15d5f4') in 0.004201 seconds 
========================================================================
Received Import Request.
  Time since last request: 6.691030 seconds.
  path: Assets/PostProcessing/Post-processingProfile.asset
  artifactKey: Guid(a5dfe3d3aeab4244f850d4f1dfa93e1b) Importer(815301076,1909f56bfc062723c751e8b465ee728b)
Start importing Assets/PostProcessing/Post-processingProfile.asset using Guid(a5dfe3d3aeab4244f850d4f1dfa93e1b) Importer(815301076,1909f56bfc062723c751e8b465ee728b)  -> (artifact id: 'b080da552a2f3b5c314ada93e030a669') in 0.004140 seconds 
========================================================================
Received Import Request.
  Time since last request: 104.344256 seconds.
  path: Assets/PostProcessing/Post-processingProfile.asset
  artifactKey: Guid(a5dfe3d3aeab4244f850d4f1dfa93e1b) Importer(815301076,1909f56bfc062723c751e8b465ee728b)
Start importing Assets/PostProcessing/Post-processingProfile.asset using Guid(a5dfe3d3aeab4244f850d4f1dfa93e1b) Importer(815301076,1909f56bfc062723c751e8b465ee728b)  -> (artifact id: '68045919244d0b167c9277733f1e981f') in 0.005037 seconds 
========================================================================
Received Import Request.
  Time since last request: 126.518852 seconds.
  path: Assets/PostProcessing/Post-processingProfile.asset
  artifactKey: Guid(a5dfe3d3aeab4244f850d4f1dfa93e1b) Importer(815301076,1909f56bfc062723c751e8b465ee728b)
Start importing Assets/PostProcessing/Post-processingProfile.asset using Guid(a5dfe3d3aeab4244f850d4f1dfa93e1b) Importer(815301076,1909f56bfc062723c751e8b465ee728b)  -> (artifact id: 'c35561b702a8a9280d52ca8aacf46549') in 0.005918 seconds 
========================================================================
Received Import Request.
  Time since last request: 35.329546 seconds.
  path: Assets/PostProcessing/Post-processingProfile.asset
  artifactKey: Guid(a5dfe3d3aeab4244f850d4f1dfa93e1b) Importer(815301076,1909f56bfc062723c751e8b465ee728b)
Start importing Assets/PostProcessing/Post-processingProfile.asset using Guid(a5dfe3d3aeab4244f850d4f1dfa93e1b) Importer(815301076,1909f56bfc062723c751e8b465ee728b)  -> (artifact id: '0a83fe92632c4d3706814bd3852e1a3e') in 0.004588 seconds 
========================================================================
Received Import Request.
  Time since last request: 191.311268 seconds.
  path: Assets/PostProcessing/Post-processingProfile.asset
  artifactKey: Guid(a5dfe3d3aeab4244f850d4f1dfa93e1b) Importer(815301076,1909f56bfc062723c751e8b465ee728b)
Start importing Assets/PostProcessing/Post-processingProfile.asset using Guid(a5dfe3d3aeab4244f850d4f1dfa93e1b) Importer(815301076,1909f56bfc062723c751e8b465ee728b)  -> (artifact id: '0bb1302e2440f52dcd46e395d196ad2c') in 0.005911 seconds 
========================================================================
Received Import Request.
  Time since last request: 41.646887 seconds.
  path: Assets/PostProcessing/Post-processingProfile.asset
  artifactKey: Guid(a5dfe3d3aeab4244f850d4f1dfa93e1b) Importer(815301076,1909f56bfc062723c751e8b465ee728b)
Start importing Assets/PostProcessing/Post-processingProfile.asset using Guid(a5dfe3d3aeab4244f850d4f1dfa93e1b) Importer(815301076,1909f56bfc062723c751e8b465ee728b)  -> (artifact id: '55e13a78eff21095163d61820d261c23') in 0.004642 seconds 
========================================================================
Received Import Request.
  Time since last request: 48.552455 seconds.
  path: Assets/TextMesh Pro/Resources/Fonts & Materials/LiberationSans SDF - Fallback.asset
  artifactKey: Guid(2e498d1c8094910479dc3e1b768306a4) Importer(815301076,1909f56bfc062723c751e8b465ee728b)
Start importing Assets/TextMesh Pro/Resources/Fonts & Materials/LiberationSans SDF - Fallback.asset using Guid(2e498d1c8094910479dc3e1b768306a4) Importer(815301076,1909f56bfc062723c751e8b465ee728b)  -> (artifact id: '3df6684e6b4a008d6f0f35176821b355') in 0.085458 seconds 
========================================================================
Received Import Request.
  Time since last request: 12.072422 seconds.
  path: Assets/Resources/3DDetails/Cell.fbx
  artifactKey: Guid(66a78bb2fb1aeb4488dacfc4b6a5c1fc) Importer(815301076,1909f56bfc062723c751e8b465ee728b)
Start importing Assets/Resources/3DDetails/Cell.fbx using Guid(66a78bb2fb1aeb4488dacfc4b6a5c1fc) Importer(815301076,1909f56bfc062723c751e8b465ee728b)  -> (artifact id: 'f1e89b9baa9003a0bec593b50cf9de95') in 0.074412 seconds 
========================================================================
Received Import Request.
  Time since last request: 0.152558 seconds.
  path: Assets/Resources/3D для Unity/Cell.fbx
  artifactKey: Guid(45e22c1174a62e446b43f2818c127828) Importer(815301076,1909f56bfc062723c751e8b465ee728b)
Start importing Assets/Resources/3D для Unity/Cell.fbx using Guid(45e22c1174a62e446b43f2818c127828) Importer(815301076,1909f56bfc062723c751e8b465ee728b)  -> (artifact id: 'b38cccc4399dfd1922626e01fabc359e') in 0.101690 seconds 
========================================================================
Received Prepare
Registering precompiled user dll's ...
Registered in 0.008087 seconds.
Begin MonoManager ReloadAssembly
Symbol file LoadedFromMemory doesn't match image C:\Users\mikha\Projects\Unior\Library\PackageCache\com.unity.visualscripting@1.7.8\Editor\VisualScripting.Core\Dependencies\DotNetZip\Unity.VisualScripting.IonicZip.dll
Symbol file LoadedFromMemory doesn't match image C:\Users\mikha\Projects\Unior\Library\PackageCache\com.unity.visualscripting@1.7.8\Editor\VisualScripting.Core\Dependencies\YamlDotNet\Unity.VisualScripting.YamlDotNet.dll
Native extension for WindowsStandalone target not found
Native extension for Android target not found
Refreshing native plugins compatible for Editor in 1.98 ms, found 4 plugins.
Preloading 0 native plugins for Editor in 0.00 ms.
Mono: successfully reloaded assembly
- Completed reload, in  2.083 seconds
Domain Reload Profiling:
	ReloadAssembly (2085ms)
		BeginReloadAssembly (400ms)
			ExecutionOrderSort (0ms)
			DisableScriptedObjects (25ms)
			BackupInstance (0ms)
			ReleaseScriptingObjects (0ms)
			CreateAndSetChildDomain (207ms)
		EndReloadAssembly (1489ms)
			LoadAssemblies (197ms)
			RebuildTransferFunctionScriptingTraits (0ms)
			SetupTypeCache (489ms)
			ReleaseScriptCaches (2ms)
			RebuildScriptCaches (89ms)
			SetupLoadedEditorAssemblies (635ms)
				LogAssemblyErrors (0ms)
				InitializePlatformSupportModulesInManaged (33ms)
				SetLoadedEditorAssemblies (1ms)
				RefreshPlugins (2ms)
				BeforeProcessingInitializeOnLoad (134ms)
				ProcessInitializeOnLoadAttributes (391ms)
				ProcessInitializeOnLoadMethodAttributes (68ms)
				AfterProcessingInitializeOnLoad (5ms)
				EditorAssembliesLoaded (0ms)
			ExecutionOrderSort2 (0ms)
			AwakeInstancesAfterBackupRestoration (15ms)
Platform modules already initialized, skipping
Refreshing native plugins compatible for Editor in 7.75 ms, found 4 plugins.
Preloading 0 native plugins for Editor in 0.00 ms.
Unloading 4429 Unused Serialized files (Serialized files now loaded: 0)
Unloading 56 unused Assets / (1.3 MB). Loaded Objects now: 4972.
Memory consumption went from 179.9 MB to 178.6 MB.
Total: 9.564900 ms (FindLiveObjects: 0.676300 ms CreateObjectMapping: 0.496700 ms MarkObjects: 6.889300 ms  DeleteObjects: 1.498100 ms)

AssetImportParameters requested are different than current active one (requested -> active):
  custom:video-decoder-ogg-theora: a1e56fd34408186e4bbccfd4996cb3dc -> 
  custom:container-muxer-webm: aa71ff27fc2769a1b78a27578f13a17b -> 
  custom:container-demuxer-webm: 4f35f7cbe854078d1ac9338744f61a02 -> 
  custom:video-encoder-webm-vp8: eb34c28f22e8b96e1ab97ce403110664 -> 
  custom:audio-encoder-webm-vorbis: bf7c407c2cedff20999df2af8eb42d56 -> 
  custom:framework-win-MediaFoundation: 216162199b28c13a410421893ffa2e32 -> 
  custom:container-demuxer-ogg: 62fdf1f143b41e24485cea50d1cbac27 -> 
  custom:video-decoder-webm-vp8: 9c59270c3fd7afecdb556c50c9e8de78 -> 
  custom:audio-decoder-ogg-vorbis: bf7c407c2cedff20999df2af8eb42d56 -> 
========================================================================
Received Prepare
Refreshing native plugins compatible for Editor in 29.55 ms, found 4 plugins.
Preloading 0 native plugins for Editor in 0.00 ms.
Unloading 55 Unused Serialized files (Serialized files now loaded: 0)
Unloading 55 unused Assets / (1.3 MB). Loaded Objects now: 4972.
Memory consumption went from 92.4 MB to 91.1 MB.
Total: 9.245000 ms (FindLiveObjects: 0.702800 ms CreateObjectMapping: 0.291700 ms MarkObjects: 7.339300 ms  DeleteObjects: 0.909800 ms)

AssetImportParameters requested are different than current active one (requested -> active):
  custom:video-decoder-ogg-theora: a1e56fd34408186e4bbccfd4996cb3dc -> 
  custom:container-muxer-webm: aa71ff27fc2769a1b78a27578f13a17b -> 
  custom:container-demuxer-webm: 4f35f7cbe854078d1ac9338744f61a02 -> 
  custom:video-encoder-webm-vp8: eb34c28f22e8b96e1ab97ce403110664 -> 
  custom:audio-encoder-webm-vorbis: bf7c407c2cedff20999df2af8eb42d56 -> 
  custom:framework-win-MediaFoundation: 216162199b28c13a410421893ffa2e32 -> 
  custom:container-demuxer-ogg: 62fdf1f143b41e24485cea50d1cbac27 -> 
  custom:video-decoder-webm-vp8: 9c59270c3fd7afecdb556c50c9e8de78 -> 
  custom:audio-decoder-ogg-vorbis: bf7c407c2cedff20999df2af8eb42d56 -> 
========================================================================
Received Prepare
Refreshing native plugins compatible for Editor in 13.61 ms, found 4 plugins.
Preloading 0 native plugins for Editor in 0.00 ms.
Unloading 55 Unused Serialized files (Serialized files now loaded: 0)
Unloading 55 unused Assets / (1.3 MB). Loaded Objects now: 4972.
Memory consumption went from 92.4 MB to 91.1 MB.
Total: 8.979400 ms (FindLiveObjects: 1.245100 ms CreateObjectMapping: 0.278100 ms MarkObjects: 7.053400 ms  DeleteObjects: 0.399200 ms)

AssetImportParameters requested are different than current active one (requested -> active):
  custom:video-decoder-ogg-theora: a1e56fd34408186e4bbccfd4996cb3dc -> 
  custom:container-muxer-webm: aa71ff27fc2769a1b78a27578f13a17b -> 
  custom:container-demuxer-webm: 4f35f7cbe854078d1ac9338744f61a02 -> 
  custom:video-encoder-webm-vp8: eb34c28f22e8b96e1ab97ce403110664 -> 
  custom:audio-encoder-webm-vorbis: bf7c407c2cedff20999df2af8eb42d56 -> 
  custom:framework-win-MediaFoundation: 216162199b28c13a410421893ffa2e32 -> 
  custom:container-demuxer-ogg: 62fdf1f143b41e24485cea50d1cbac27 -> 
  custom:video-decoder-webm-vp8: 9c59270c3fd7afecdb556c50c9e8de78 -> 
  custom:audio-decoder-ogg-vorbis: bf7c407c2cedff20999df2af8eb42d56 -> 
========================================================================
Received Prepare
Refreshing native plugins compatible for Editor in 27.12 ms, found 4 plugins.
Preloading 0 native plugins for Editor in 0.00 ms.
Unloading 55 Unused Serialized files (Serialized files now loaded: 0)
Unloading 55 unused Assets / (1.3 MB). Loaded Objects now: 4972.
Memory consumption went from 92.4 MB to 91.1 MB.
Total: 52.982900 ms (FindLiveObjects: 15.086600 ms CreateObjectMapping: 0.807900 ms MarkObjects: 36.209000 ms  DeleteObjects: 0.876800 ms)

AssetImportParameters requested are different than current active one (requested -> active):
  custom:video-decoder-ogg-theora: a1e56fd34408186e4bbccfd4996cb3dc -> 
  custom:container-muxer-webm: aa71ff27fc2769a1b78a27578f13a17b -> 
  custom:container-demuxer-webm: 4f35f7cbe854078d1ac9338744f61a02 -> 
  custom:video-encoder-webm-vp8: eb34c28f22e8b96e1ab97ce403110664 -> 
  custom:audio-encoder-webm-vorbis: bf7c407c2cedff20999df2af8eb42d56 -> 
  custom:framework-win-MediaFoundation: 216162199b28c13a410421893ffa2e32 -> 
  custom:container-demuxer-ogg: 62fdf1f143b41e24485cea50d1cbac27 -> 
  custom:video-decoder-webm-vp8: 9c59270c3fd7afecdb556c50c9e8de78 -> 
  custom:audio-decoder-ogg-vorbis: bf7c407c2cedff20999df2af8eb42d56 -> 
========================================================================
Received Prepare
Refreshing native plugins compatible for Editor in 26.29 ms, found 4 plugins.
Preloading 0 native plugins for Editor in 0.26 ms.
Unloading 55 Unused Serialized files (Serialized files now loaded: 0)
Unloading 55 unused Assets / (1.3 MB). Loaded Objects now: 4972.
Memory consumption went from 92.4 MB to 91.1 MB.
Total: 8.867900 ms (FindLiveObjects: 1.256900 ms CreateObjectMapping: 0.227500 ms MarkObjects: 6.467400 ms  DeleteObjects: 0.913900 ms)

AssetImportParameters requested are different than current active one (requested -> active):
  custom:video-decoder-ogg-theora: a1e56fd34408186e4bbccfd4996cb3dc -> 
  custom:container-muxer-webm: aa71ff27fc2769a1b78a27578f13a17b -> 
  custom:container-demuxer-webm: 4f35f7cbe854078d1ac9338744f61a02 -> 
  custom:video-encoder-webm-vp8: eb34c28f22e8b96e1ab97ce403110664 -> 
  custom:audio-encoder-webm-vorbis: bf7c407c2cedff20999df2af8eb42d56 -> 
  custom:framework-win-MediaFoundation: 216162199b28c13a410421893ffa2e32 -> 
  custom:container-demuxer-ogg: 62fdf1f143b41e24485cea50d1cbac27 -> 
  custom:video-decoder-webm-vp8: 9c59270c3fd7afecdb556c50c9e8de78 -> 
  custom:audio-decoder-ogg-vorbis: bf7c407c2cedff20999df2af8eb42d56 -> 
========================================================================
Received Prepare
Refreshing native plugins compatible for Editor in 29.72 ms, found 4 plugins.
Preloading 0 native plugins for Editor in 0.00 ms.
Unloading 55 Unused Serialized files (Serialized files now loaded: 0)
Unloading 55 unused Assets / (1.3 MB). Loaded Objects now: 4972.
Memory consumption went from 92.4 MB to 91.1 MB.
Total: 14.077700 ms (FindLiveObjects: 1.839100 ms CreateObjectMapping: 1.222400 ms MarkObjects: 10.061800 ms  DeleteObjects: 0.952000 ms)

AssetImportParameters requested are different than current active one (requested -> active):
  custom:video-decoder-ogg-theora: a1e56fd34408186e4bbccfd4996cb3dc -> 
  custom:container-muxer-webm: aa71ff27fc2769a1b78a27578f13a17b -> 
  custom:container-demuxer-webm: 4f35f7cbe854078d1ac9338744f61a02 -> 
  custom:video-encoder-webm-vp8: eb34c28f22e8b96e1ab97ce403110664 -> 
  custom:audio-encoder-webm-vorbis: bf7c407c2cedff20999df2af8eb42d56 -> 
  custom:framework-win-MediaFoundation: 216162199b28c13a410421893ffa2e32 -> 
  custom:container-demuxer-ogg: 62fdf1f143b41e24485cea50d1cbac27 -> 
  custom:video-decoder-webm-vp8: 9c59270c3fd7afecdb556c50c9e8de78 -> 
  custom:audio-decoder-ogg-vorbis: bf7c407c2cedff20999df2af8eb42d56 -> 
========================================================================
Received Prepare
Refreshing native plugins compatible for Editor in 22.50 ms, found 4 plugins.
Preloading 0 native plugins for Editor in 0.00 ms.
Unloading 55 Unused Serialized files (Serialized files now loaded: 0)
Unloading 55 unused Assets / (1.3 MB). Loaded Objects now: 4972.
Memory consumption went from 92.4 MB to 91.1 MB.
Total: 8.827800 ms (FindLiveObjects: 1.387900 ms CreateObjectMapping: 0.757800 ms MarkObjects: 5.972100 ms  DeleteObjects: 0.704100 ms)

AssetImportParameters requested are different than current active one (requested -> active):
  custom:video-decoder-ogg-theora: a1e56fd34408186e4bbccfd4996cb3dc -> 
  custom:container-muxer-webm: aa71ff27fc2769a1b78a27578f13a17b -> 
  custom:container-demuxer-webm: 4f35f7cbe854078d1ac9338744f61a02 -> 
  custom:video-encoder-webm-vp8: eb34c28f22e8b96e1ab97ce403110664 -> 
  custom:audio-encoder-webm-vorbis: bf7c407c2cedff20999df2af8eb42d56 -> 
  custom:framework-win-MediaFoundation: 216162199b28c13a410421893ffa2e32 -> 
  custom:container-demuxer-ogg: 62fdf1f143b41e24485cea50d1cbac27 -> 
  custom:video-decoder-webm-vp8: 9c59270c3fd7afecdb556c50c9e8de78 -> 
  custom:audio-decoder-ogg-vorbis: bf7c407c2cedff20999df2af8eb42d56 -> 
========================================================================
Received Prepare
Registering precompiled user dll's ...
Registered in 0.009351 seconds.
Begin MonoManager ReloadAssembly
Symbol file LoadedFromMemory doesn't match image C:\Users\mikha\Projects\Unior\Library\PackageCache\com.unity.visualscripting@1.7.8\Editor\VisualScripting.Core\Dependencies\DotNetZip\Unity.VisualScripting.IonicZip.dll
Symbol file LoadedFromMemory doesn't match image C:\Users\mikha\Projects\Unior\Library\PackageCache\com.unity.visualscripting@1.7.8\Editor\VisualScripting.Core\Dependencies\YamlDotNet\Unity.VisualScripting.YamlDotNet.dll
Native extension for WindowsStandalone target not found
Native extension for Android target not found
Refreshing native plugins compatible for Editor in 1.82 ms, found 4 plugins.
Preloading 0 native plugins for Editor in 0.00 ms.
Mono: successfully reloaded assembly
- Completed reload, in  2.645 seconds
Domain Reload Profiling:
	ReloadAssembly (2653ms)
		BeginReloadAssembly (989ms)
			ExecutionOrderSort (1ms)
			DisableScriptedObjects (151ms)
			BackupInstance (0ms)
			ReleaseScriptingObjects (0ms)
			CreateAndSetChildDomain (530ms)
		EndReloadAssembly (1486ms)
			LoadAssemblies (194ms)
			RebuildTransferFunctionScriptingTraits (1ms)
			SetupTypeCache (465ms)
			ReleaseScriptCaches (5ms)
			RebuildScriptCaches (92ms)
			SetupLoadedEditorAssemblies (677ms)
				LogAssemblyErrors (0ms)
				InitializePlatformSupportModulesInManaged (38ms)
				SetLoadedEditorAssemblies (2ms)
				RefreshPlugins (2ms)
				BeforeProcessingInitializeOnLoad (143ms)
				ProcessInitializeOnLoadAttributes (405ms)
				ProcessInitializeOnLoadMethodAttributes (79ms)
				AfterProcessingInitializeOnLoad (7ms)
				EditorAssembliesLoaded (1ms)
			ExecutionOrderSort2 (0ms)
			AwakeInstancesAfterBackupRestoration (13ms)
Platform modules already initialized, skipping
Refreshing native plugins compatible for Editor in 8.91 ms, found 4 plugins.
Preloading 0 native plugins for Editor in 0.00 ms.
Unloading 4429 Unused Serialized files (Serialized files now loaded: 0)
Unloading 55 unused Assets / (1.3 MB). Loaded Objects now: 4975.
Memory consumption went from 179.9 MB to 178.6 MB.
Total: 9.618400 ms (FindLiveObjects: 0.784300 ms CreateObjectMapping: 0.624400 ms MarkObjects: 7.270100 ms  DeleteObjects: 0.936900 ms)

AssetImportParameters requested are different than current active one (requested -> active):
  custom:video-decoder-ogg-theora: a1e56fd34408186e4bbccfd4996cb3dc -> 
  custom:container-muxer-webm: aa71ff27fc2769a1b78a27578f13a17b -> 
  custom:container-demuxer-webm: 4f35f7cbe854078d1ac9338744f61a02 -> 
  custom:video-encoder-webm-vp8: eb34c28f22e8b96e1ab97ce403110664 -> 
  custom:audio-encoder-webm-vorbis: bf7c407c2cedff20999df2af8eb42d56 -> 
  custom:framework-win-MediaFoundation: 216162199b28c13a410421893ffa2e32 -> 
  custom:container-demuxer-ogg: 62fdf1f143b41e24485cea50d1cbac27 -> 
  custom:video-decoder-webm-vp8: 9c59270c3fd7afecdb556c50c9e8de78 -> 
  custom:audio-decoder-ogg-vorbis: bf7c407c2cedff20999df2af8eb42d56 -> 
========================================================================
Received Prepare
Refreshing native plugins compatible for Editor in 45.67 ms, found 4 plugins.
Preloading 0 native plugins for Editor in 0.00 ms.
Unloading 55 Unused Serialized files (Serialized files now loaded: 0)
Unloading 55 unused Assets / (1.3 MB). Loaded Objects now: 4975.
Memory consumption went from 92.4 MB to 91.2 MB.
Total: 16.409800 ms (FindLiveObjects: 0.711400 ms CreateObjectMapping: 0.239500 ms MarkObjects: 14.607500 ms  DeleteObjects: 0.849200 ms)

AssetImportParameters requested are different than current active one (requested -> active):
  custom:video-decoder-ogg-theora: a1e56fd34408186e4bbccfd4996cb3dc -> 
  custom:container-muxer-webm: aa71ff27fc2769a1b78a27578f13a17b -> 
  custom:container-demuxer-webm: 4f35f7cbe854078d1ac9338744f61a02 -> 
  custom:video-encoder-webm-vp8: eb34c28f22e8b96e1ab97ce403110664 -> 
  custom:audio-encoder-webm-vorbis: bf7c407c2cedff20999df2af8eb42d56 -> 
  custom:framework-win-MediaFoundation: 216162199b28c13a410421893ffa2e32 -> 
  custom:container-demuxer-ogg: 62fdf1f143b41e24485cea50d1cbac27 -> 
  custom:video-decoder-webm-vp8: 9c59270c3fd7afecdb556c50c9e8de78 -> 
  custom:audio-decoder-ogg-vorbis: bf7c407c2cedff20999df2af8eb42d56 -> 
========================================================================
Received Prepare
Refreshing native plugins compatible for Editor in 43.53 ms, found 4 plugins.
Preloading 0 native plugins for Editor in 0.00 ms.
Unloading 55 Unused Serialized files (Serialized files now loaded: 0)
Unloading 55 unused Assets / (1.3 MB). Loaded Objects now: 4975.
Memory consumption went from 92.4 MB to 91.2 MB.
Total: 91.213700 ms (FindLiveObjects: 3.480000 ms CreateObjectMapping: 1.710800 ms MarkObjects: 84.995200 ms  DeleteObjects: 1.025400 ms)

AssetImportParameters requested are different than current active one (requested -> active):
  custom:video-decoder-ogg-theora: a1e56fd34408186e4bbccfd4996cb3dc -> 
  custom:container-muxer-webm: aa71ff27fc2769a1b78a27578f13a17b -> 
  custom:container-demuxer-webm: 4f35f7cbe854078d1ac9338744f61a02 -> 
  custom:video-encoder-webm-vp8: eb34c28f22e8b96e1ab97ce403110664 -> 
  custom:audio-encoder-webm-vorbis: bf7c407c2cedff20999df2af8eb42d56 -> 
  custom:framework-win-MediaFoundation: 216162199b28c13a410421893ffa2e32 -> 
  custom:container-demuxer-ogg: 62fdf1f143b41e24485cea50d1cbac27 -> 
  custom:video-decoder-webm-vp8: 9c59270c3fd7afecdb556c50c9e8de78 -> 
  custom:audio-decoder-ogg-vorbis: bf7c407c2cedff20999df2af8eb42d56 -> 
========================================================================
Received Prepare
Refreshing native plugins compatible for Editor in 44.48 ms, found 4 plugins.
Preloading 0 native plugins for Editor in 0.00 ms.
Unloading 55 Unused Serialized files (Serialized files now loaded: 0)
Unloading 55 unused Assets / (1.3 MB). Loaded Objects now: 4975.
Memory consumption went from 92.4 MB to 91.2 MB.
Total: 10.879600 ms (FindLiveObjects: 1.394500 ms CreateObjectMapping: 0.895500 ms MarkObjects: 7.221000 ms  DeleteObjects: 1.363100 ms)

AssetImportParameters requested are different than current active one (requested -> active):
  custom:video-decoder-ogg-theora: a1e56fd34408186e4bbccfd4996cb3dc -> 
  custom:container-muxer-webm: aa71ff27fc2769a1b78a27578f13a17b -> 
  custom:container-demuxer-webm: 4f35f7cbe854078d1ac9338744f61a02 -> 
  custom:video-encoder-webm-vp8: eb34c28f22e8b96e1ab97ce403110664 -> 
  custom:audio-encoder-webm-vorbis: bf7c407c2cedff20999df2af8eb42d56 -> 
  custom:framework-win-MediaFoundation: 216162199b28c13a410421893ffa2e32 -> 
  custom:container-demuxer-ogg: 62fdf1f143b41e24485cea50d1cbac27 -> 
  custom:video-decoder-webm-vp8: 9c59270c3fd7afecdb556c50c9e8de78 -> 
  custom:audio-decoder-ogg-vorbis: bf7c407c2cedff20999df2af8eb42d56 -> 
